<?xml version="1.0" encoding="UTF-8"?>
<Site BuildName="(empty)"
	BuildStamp="20220123-1554-Experimental"
	Name="frat-monter-ubuntu"
	Generator="ctest-3.16.3"
	CompilerName="/bin/x86_64-linux-gnu-g++-9"
	CompilerVersion="9.3.0"
	OSName="Linux"
	Hostname="frat-monter-ubuntu"
	OSRelease="5.13.0-25-generic"
	OSVersion="#26~20.04.1-Ubuntu SMP Fri Jan 7 16:27:40 UTC 2022"
	OSPlatform="x86_64"
	Is64Bits="1"
	VendorString="GenuineIntel"
	VendorID="Intel Corporation"
	FamilyID="6"
	ModelID="165"
	ProcessorCacheSize="8192"
	NumberOfLogicalCPU="8"
	NumberOfPhysicalCPU="4"
	TotalVirtualMemory="2047"
	TotalPhysicalMemory="15699"
	LogicalProcessorsPerPhysical="2"
	ProcessorClockFrequency="4000"
	>
	<Testing>
		<StartDateTime>Jan 23 18:54 +03</StartDateTime>
		<StartTestTime>1642953290</StartTestTime>
		<TestList/>
		<EndDateTime>Jan 23 18:54 +03</EndDateTime>
		<EndTestTime>1642953290</EndTestTime>
		<ElapsedMinutes>0</ElapsedMinutes>
	</Testing>
</Site>
